topojson \
    --width 960 \
    --height 800 \
    --margin 20 \
    -s .25 \
    -o au.json \
    -- counties=Australia_simple.shp


topojson \
    --width 960 \
    --height 800 \
    --margin 20 \
    -s .25 \
    -o au2.json \
    -- counties=Australia_simple.shp centroid=ILOC_2011_AUST_centroid.shp


topojson \
    --width 960 \
    --height 800 \
    --margin 20 \
    -s .25 \
    -o au3.json \
    -- counties=Australia_simple.shp centroid=ILOC_2011_POP_CM.shp

topojson \
--id-property IL_CODE11 \
    -p name=IA_NAME11 \
    -p name \
    --width 960 \
    --height 800 \
    --margin 20 \
    -s .25 \
    -o au4.json \
    -- counties=Australia_simple.shp centroid=ILOC_2011_POP_CM.shp


topojson \
--id-property IL_CODE11 \
    -p name=IA_NAME11 \
    -p name \
    -p num=Indigenousno \
    -p num \
    --width 960 \
    --height 800 \
    --margin 20 \
    -s .25 \
    -o au6.json \
    -- centroid=ILOC_2011_POP_CM.shp counties=Australia_simple.shp


topojson \
--id-property IL_CODE11 \
    -p \
    --width 960 \
    --height 800 \
    --margin 20 \
    -s .25 \
    -o au7.json \
    -- centroid=ILOC_2011_POP_CM.shp counties=Australia_simple.shp


topojson \
--id-property IL_CODE11 \
    -p num=Indigenousno \
    --width 960 \
    --height 800 \
    --margin 20 \
    -s .25 \
    -o au8.json \
    -- centroid=ILOC_2011_POP_CM.shp counties=Australia_simple.shp


topojson \
--id-property IL_CODE11 \
    -p num=Indigenousno \
    --width 960 \
    --height 800 \
    --margin 20 \
    -s .25 \
    -o ind2.json \
    -- centroid=ILOC_2011_POP_CM.shp

topojson \
--id-property IL_CODE11 \
    -p name=IA_NAME11 \
    -p name \
    -p num=INDPOP \
    -p num \
    --width 960 \
    --height 800 \
    --margin 20 \
    -s .25 \
    -o ind2.json \
    -- centroid=ILOC_2011_POP_CM.shp


topojson \
--id-property IL_CODE11 \
    -p num=Indigenousno \
    --width 960 \
    --height 800 \
    --margin 20 \
    -s .25 \
    -o au9.json \
    -- counties=Australia_simple.shp



http://bl.ocks.org/mbostock/1212197


http://bl.ocks.org/mbostock/3007180
